<?xml version="1.0" encoding="UTF-8"?>
<!-- Generated by org.testng.reporters.JUnitXMLReporter -->
<testsuite ignored="0" hostname="DESKTOP-A7EP9U0" failures="0" tests="2" name="Default test" time="18.863" errors="0" timestamp="2023-06-08T11:57:48 IST">
  <testcase classname="Test_scenerios.GoogleSearch_testcase" name="SearchAndClickOn_FB" time="5.606"/>
  <testcase classname="Test_scenerios.GoogleSearch_testcase" name="verifyLoginFunctionality" time="6.292"/>
</testsuite> <!-- Default test -->
