<?xml version="1.0" encoding="UTF-8"?>
<testng-results ignored="0" total="2" passed="2" failed="0" skipped="0">
  <reporter-output>
  </reporter-output>
  <suite started-at="2023-06-08T11:57:29 IST" name="Default suite" finished-at="2023-06-08T11:57:48 IST" duration-ms="18863">
    <groups>
    </groups>
    <test started-at="2023-06-08T11:57:29 IST" name="Default test" finished-at="2023-06-08T11:57:48 IST" duration-ms="18863">
      <class name="Test_scenerios.GoogleSearch_testcase">
        <test-method is-config="true" signature="beforetest()[pri:0, instance:Test_scenerios.GoogleSearch_testcase@4218d6a3]" started-at="2023-06-08T11:57:29 IST" name="beforetest" finished-at="2023-06-08T11:57:36 IST" duration-ms="6875" status="PASS">
          <reporter-output>
          </reporter-output>
        </test-method> <!-- beforetest -->
        <test-method signature="SearchAndClickOn_FB()[pri:0, instance:Test_scenerios.GoogleSearch_testcase@4218d6a3]" started-at="2023-06-08T11:57:36 IST" name="SearchAndClickOn_FB" finished-at="2023-06-08T11:57:42 IST" duration-ms="5606" status="PASS">
          <reporter-output>
          </reporter-output>
        </test-method> <!-- SearchAndClickOn_FB -->
        <test-method signature="verifyLoginFunctionality()[pri:0, instance:Test_scenerios.GoogleSearch_testcase@4218d6a3]" started-at="2023-06-08T11:57:42 IST" name="verifyLoginFunctionality" finished-at="2023-06-08T11:57:48 IST" duration-ms="6292" status="PASS">
          <reporter-output>
          </reporter-output>
        </test-method> <!-- verifyLoginFunctionality -->
      </class> <!-- Test_scenerios.GoogleSearch_testcase -->
    </test> <!-- Default test -->
  </suite> <!-- Default suite -->
</testng-results>
